<?xml version="1.0" encoding="UTF-8"?>
<!-- Generated by org.testng.reporters.JUnitXMLReporter -->
<testsuite ignored="0" hostname="DESKTOP-NPOVF55" failures="0" tests="4" name="Surefire test" time="0.044" errors="0" timestamp="2024-11-08T12:12:01 IST">
  <testcase classname="pac1.ContactTest" name="createContactTest" time="0.005"/>
  <testcase classname="pac1.ContactTest" name="modifyContactTest" time="0.0"/>
  <testcase classname="pac2.OrgTest" name="createOrgTest" time="0.001"/>
  <testcase classname="pac2.OrgTest" name="modifyOrgTest" time="0.001"/>
</testsuite> <!-- Surefire test -->
